#
# There is insufficient memory for the Java Runtime Environment to continue.
# Native memory allocation (mmap) failed to map 134217728 bytes for Failed to commit area from 0x00000000c0e00000 to 0x00000000c8e00000 of length 134217728.
# Possible reasons:
#   The system is out of physical RAM or swap space
#   The process is running with CompressedOops enabled, and the Java Heap may be blocking the growth of the native heap
# Possible solutions:
#   Reduce memory load on the system
#   Increase physical memory or swap space
#   Check if swap backing store is full
#   Decrease Java heap size (-Xmx/-Xms)
#   Decrease number of Java threads
#   Decrease Java thread stack sizes (-Xss)
#   Set larger code cache with -XX:ReservedCodeCacheSize=
# This output file may be truncated or incomplete.
#
#  Out of Memory Error (./src/hotspot/os/windows/os_windows.cpp:3301), pid=19080, tid=10196
#
# JRE version:  (11.0.11+9) (build )
# Java VM: OpenJDK 64-Bit Server VM (11.0.11+9-b1341.60, mixed mode, sharing, tiered, compressed oops, g1 gc, windows-amd64)
# No core dump will be written. Minidumps are not enabled by default on client versions of Windows
#

---------------  S U M M A R Y ------------

Command Line: -Djava.rmi.server.hostname=127.0.0.1 -Duser.timezone=UTC -Xmx1009m -Xms128m -Dfile.encoding=UTF-8 com.intellij.database.remote.RemoteJdbcServer org.h2.Driver

Host: Intel(R) Core(TM) i5-2520M CPU @ 2.50GHz, 4 cores, 7G,  Windows 10 , 64 bit Build 19041 (10.0.19041.1023)
Time: Mon Jul 12 17:46:51 2021 Œrodkowoeuropejski czas letni elapsed time: 0.022709 seconds (0d 0h 0m 0s)

---------------  T H R E A D  ---------------

Current thread (0x00000168a7956000):  JavaThread "Unknown thread" [_thread_in_vm, id=10196, stack(0x0000002200800000,0x0000002200900000)]

Stack: [0x0000002200800000,0x0000002200900000]
Native frames: (J=compiled Java code, j=interpreted, Vv=VM code, C=native code)
V  [jvm.dll+0x5f5c8a]
V  [jvm.dll+0x779405]
V  [jvm.dll+0x77aa1d]
V  [jvm.dll+0x77b0d3]
V  [jvm.dll+0x244bc8]
V  [jvm.dll+0x5f3084]
V  [jvm.dll+0x5e7fe5]
V  [jvm.dll+0x30098b]
V  [jvm.dll+0x3008fa]
V  [jvm.dll+0x3007d2]
V  [jvm.dll+0x3056b6]
V  [jvm.dll+0x34e353]
V  [jvm.dll+0x34ea56]
V  [jvm.dll+0x34e453]
V  [jvm.dll+0x2db398]
V  [jvm.dll+0x2dc547]
V  [jvm.dll+0x757bf7]
V  [jvm.dll+0x7593ec]
V  [jvm.dll+0x35b8d9]
V  [jvm.dll+0x73b38e]
V  [jvm.dll+0x3c3cc3]
V  [jvm.dll+0x3c60e1]
C  [jli.dll+0x5373]
C  [ucrtbase.dll+0x21bb2]
C  [KERNEL32.DLL+0x17034]
C  [ntdll.dll+0x52651]


---------------  P R O C E S S  ---------------

Threads class SMR info:
_java_thread_list=0x00000168a5f3fa90, length=0, elements={
}

Java Threads: ( => current thread )

Other Threads:
  0x00000168a7970800 GCTaskThread "GC Thread#0" [stack: 0x0000002200900000,0x0000002200a00000] [id=4092]
  0x00000168a798d000 ConcurrentGCThread "G1 Main Marker" [stack: 0x0000002200a00000,0x0000002200b00000] [id=8172]
  0x00000168a798e000 ConcurrentGCThread "G1 Conc#0" [stack: 0x0000002200b00000,0x0000002200c00000] [id=12524]

[error occurred during error reporting (printing all threads), id 0xc0000005, EXCEPTION_ACCESS_VIOLATION (0xc0000005) at pc=0x00007ffcddb5b9f7]

VM state:not at safepoint (not fully initialized)

VM Mutex/Monitor currently owned by a thread:  ([mutex/lock_event])
[0x00000168a7952f80] Heap_lock - owner thread: 0x00000168a7956000

Heap address: 0x00000000c0e00000, size: 1010 MB, Compressed Oops mode: Non-zero based: 0x00000000c0e00000
Narrow klass base: 0x0000000000000000, Narrow klass shift: 0

GC Heap History (0 events):
No events

Deoptimization events (0 events):
No events

Classes redefined (0 events):
No events

Internal exceptions (0 events):
No events

Events (1 events):
Event: 0.013 Loaded shared library C:\Program Files\JetBrains\IntelliJ IDEA 2021.1.3\jbr\bin\zip.dll


Dynamic libraries:
0x00007ff743050000 - 0x00007ff74305a000 	C:\Program Files\JetBrains\IntelliJ IDEA 2021.1.3\jbr\bin\java.exe
0x00007ffd10ad0000 - 0x00007ffd10cc5000 	C:\WINDOWS\SYSTEM32\ntdll.dll
0x00007ffd0f8e0000 - 0x00007ffd0f99d000 	C:\WINDOWS\System32\KERNEL32.DLL
0x00007ffd0e310000 - 0x00007ffd0e5d9000 	C:\WINDOWS\System32\KERNELBASE.dll
0x00007ffd0e210000 - 0x00007ffd0e310000 	C:\WINDOWS\System32\ucrtbase.dll
0x00007ffd001b0000 - 0x00007ffd001c7000 	C:\Program Files\JetBrains\IntelliJ IDEA 2021.1.3\jbr\bin\VCRUNTIME140.dll
0x00007ffd00650000 - 0x00007ffd00669000 	C:\Program Files\JetBrains\IntelliJ IDEA 2021.1.3\jbr\bin\jli.dll
0x00007ffd0fd70000 - 0x00007ffd0ff10000 	C:\WINDOWS\System32\USER32.dll
0x00007ffd0e750000 - 0x00007ffd0e772000 	C:\WINDOWS\System32\win32u.dll
0x00007ffcfa720000 - 0x00007ffcfa9ba000 	C:\WINDOWS\WinSxS\amd64_microsoft.windows.common-controls_6595b64144ccf1df_6.0.19041.1083_none_60bbe31371f34e71\COMCTL32.dll
0x00007ffd10240000 - 0x00007ffd102de000 	C:\WINDOWS\System32\msvcrt.dll
0x00007ffd10540000 - 0x00007ffd1056a000 	C:\WINDOWS\System32\GDI32.dll
0x00007ffd0e830000 - 0x00007ffd0e93b000 	C:\WINDOWS\System32\gdi32full.dll
0x00007ffd0e940000 - 0x00007ffd0e9dd000 	C:\WINDOWS\System32\msvcp_win.dll
0x00007ffd0ffb0000 - 0x00007ffd0ffe0000 	C:\WINDOWS\System32\IMM32.DLL
0x00007ffcee9f0000 - 0x00007ffceea8d000 	C:\Program Files\JetBrains\IntelliJ IDEA 2021.1.3\jbr\bin\msvcp140.dll
0x00007ffcdd870000 - 0x00007ffcde3b9000 	C:\Program Files\JetBrains\IntelliJ IDEA 2021.1.3\jbr\bin\server\jvm.dll
0x00007ffd0fa80000 - 0x00007ffd0fb2c000 	C:\WINDOWS\System32\ADVAPI32.dll
0x00007ffd0ff10000 - 0x00007ffd0ffab000 	C:\WINDOWS\System32\sechost.dll
0x00007ffd0ffe0000 - 0x00007ffd1010a000 	C:\WINDOWS\System32\RPCRT4.dll
0x00007ffd0fc50000 - 0x00007ffd0fc58000 	C:\WINDOWS\System32\PSAPI.DLL
0x00007ffd09010000 - 0x00007ffd09019000 	C:\WINDOWS\SYSTEM32\WSOCK32.dll
0x00007ffcf90a0000 - 0x00007ffcf90c7000 	C:\WINDOWS\SYSTEM32\WINMM.dll
0x00007ffd01320000 - 0x00007ffd0132a000 	C:\WINDOWS\SYSTEM32\VERSION.dll
0x00007ffd10470000 - 0x00007ffd104db000 	C:\WINDOWS\System32\WS2_32.dll
0x00007ffd0cae0000 - 0x00007ffd0caf2000 	C:\WINDOWS\SYSTEM32\kernel.appcore.dll
0x00007ffd07f20000 - 0x00007ffd07f31000 	C:\Program Files\JetBrains\IntelliJ IDEA 2021.1.3\jbr\bin\verify.dll
0x00007ffd06710000 - 0x00007ffd068f4000 	C:\WINDOWS\SYSTEM32\DBGHELP.DLL
0x00007ffd06690000 - 0x00007ffd066bc000 	C:\WINDOWS\SYSTEM32\dbgcore.DLL
0x00007ffd0e670000 - 0x00007ffd0e6f3000 	C:\WINDOWS\System32\bcryptPrimitives.dll
0x00007ffd054d0000 - 0x00007ffd054f9000 	C:\Program Files\JetBrains\IntelliJ IDEA 2021.1.3\jbr\bin\java.dll
0x00007ffd09000000 - 0x00007ffd0900b000 	C:\Program Files\JetBrains\IntelliJ IDEA 2021.1.3\jbr\bin\jimage.dll
0x00007ffd07f00000 - 0x00007ffd07f18000 	C:\Program Files\JetBrains\IntelliJ IDEA 2021.1.3\jbr\bin\zip.dll

dbghelp: loaded successfully - version: 4.0.5 - missing functions: none
symbol engine: initialized successfully - sym options: 0x614 - pdb path: .;C:\Program Files\JetBrains\IntelliJ IDEA 2021.1.3\jbr\bin;C:\WINDOWS\SYSTEM32;C:\WINDOWS\WinSxS\amd64_microsoft.windows.common-controls_6595b64144ccf1df_6.0.19041.1083_none_60bbe31371f34e71;C:\Program Files\JetBrains\IntelliJ IDEA 2021.1.3\jbr\bin\server

VM Arguments:
jvm_args: -Djava.rmi.server.hostname=127.0.0.1 -Duser.timezone=UTC -Xmx1009m -Xms128m -Dfile.encoding=UTF-8 
java_command: com.intellij.database.remote.RemoteJdbcServer org.h2.Driver
java_class_path (initial): C:\Program Files\JetBrains\IntelliJ IDEA 2021.1.3\lib\util.jar;C:\Program Files\JetBrains\IntelliJ IDEA 2021.1.3\lib\trove4j.jar;C:\Program Files\JetBrains\IntelliJ IDEA 2021.1.3\lib\groovy-2.5.11.jar;C:\Program Files\JetBrains\IntelliJ IDEA 2021.1.3\plugins\DatabaseTools\lib\jdbc-console.jar;C:\Users\CEM\AppData\Roaming\JetBrains\IntelliJIdea2021.1\jdbc-drivers\H2\1.4.200\h2-1.4.200.jar
Launcher Type: SUN_STANDARD

[Global flags]
     intx CICompilerCount                          = 3                                         {product} {ergonomic}
     uint ConcGCThreads                            = 1                                         {product} {ergonomic}
     uint G1ConcRefinementThreads                  = 4                                         {product} {ergonomic}
   size_t G1HeapRegionSize                         = 1048576                                   {product} {ergonomic}
    uintx GCDrainStackTargetSize                   = 64                                        {product} {ergonomic}
   size_t InitialHeapSize                          = 134217728                                 {product} {command line}
   size_t MarkStackSize                            = 4194304                                   {product} {ergonomic}
   size_t MaxHeapSize                              = 1059061760                                {product} {command line, ergonomic}
   size_t MinHeapDeltaBytes                        = 1048576                                   {product} {ergonomic}
    uintx NonNMethodCodeHeapSize                   = 5830732                                {pd product} {ergonomic}
    uintx NonProfiledCodeHeapSize                  = 122913754                              {pd product} {ergonomic}
    uintx ProfiledCodeHeapSize                     = 122913754                              {pd product} {ergonomic}
    uintx ReservedCodeCacheSize                    = 251658240                              {pd product} {ergonomic}
     bool SegmentedCodeCache                       = true                                      {product} {ergonomic}
     bool UseCompressedClassPointers               = true                                 {lp64_product} {ergonomic}
     bool UseCompressedOops                        = true                                 {lp64_product} {ergonomic}
     bool UseG1GC                                  = true                                      {product} {ergonomic}
     bool UseLargePagesIndividualAllocation        = false                                  {pd product} {ergonomic}

Logging:
Log output configuration:
 #0: stdout all=warning uptime,level,tags
 #1: stderr all=off uptime,level,tags

Environment Variables:
PATH=C:\Program Files (x86)\Common Files\Oracle\Java\javapath;C:\WINDOWS\system32;C:\WINDOWS;C:\WINDOWS\System32\Wbem;C:\WINDOWS\System32\WindowsPowerShell\v1.0\;C:\WINDOWS\System32\OpenSSH\;C:\Program Files\Java\jdk-11.0.6\bin;C:\Program Files\Git\cmd;C:\Users\CEM\AppData\Local\Programs\Python\Python39-32\Scripts\;C:\Users\CEM\AppData\Local\Programs\Python\Python39-32\;C:\Users\CEM\AppData\Local\Microsoft\WindowsApps;C:\Users\CEM\AppData\Local\Programs\MiKTeX 2.9\miktex\bin\x64\;
USERNAME=CEM
OS=Windows_NT
PROCESSOR_IDENTIFIER=Intel64 Family 6 Model 42 Stepping 7, GenuineIntel



---------------  S Y S T E M  ---------------

OS: Windows 10 , 64 bit Build 19041 (10.0.19041.1023)
OS uptime: 3 days 23:15 hours

CPU:total 4 (initial active 4) (2 cores per cpu, 2 threads per core) family 6 model 42 stepping 7 microcode 0x2f, cmov, cx8, fxsr, mmx, sse, sse2, sse3, ssse3, sse4.1, sse4.2, popcnt, avx, aes, clmul, ht, tsc, tscinvbit

Memory: 4k page, system-wide physical 8075M (1034M free)
TotalPageFile size 8075M (AvailPageFile size 44M)
current process WorkingSet (physical memory assigned to process): 9M, peak: 9M
current process commit charge ("private bytes"): 51M, peak: 179M

vm_info: OpenJDK 64-Bit Server VM (11.0.11+9-b1341.60) for windows-amd64 JRE (11.0.11+9-b1341.60), built on Jun  4 2021 08:17:54 by "" with MS VC++ 14.0 (VS2015)

END.
