#
# There is insufficient memory for the Java Runtime Environment to continue.
# Native memory allocation (malloc) failed to allocate 1023056 bytes for Chunk::new
# Possible reasons:
#   The system is out of physical RAM or swap space
#   The process is running with CompressedOops enabled, and the Java Heap may be blocking the growth of the native heap
# Possible solutions:
#   Reduce memory load on the system
#   Increase physical memory or swap space
#   Check if swap backing store is full
#   Decrease Java heap size (-Xmx/-Xms)
#   Decrease number of Java threads
#   Decrease Java thread stack sizes (-Xss)
#   Set larger code cache with -XX:ReservedCodeCacheSize=
#   JVM is running with Unscaled Compressed Oops mode in which the Java heap is
#     placed in the first 4GB address space. The Java Heap base address is the
#     maximum limit for the native heap growth. Please use -XX:HeapBaseMinAddress
#     to set the Java Heap base and to place the Java Heap above 4GB virtual address.
# This output file may be truncated or incomplete.
#
#  Out of Memory Error (t:/workspace/open/src/hotspot/share/memory/arena.cpp:197), pid=10784, tid=19992
#
# JRE version: Java(TM) SE Runtime Environment (11.0.6+8) (build 11.0.6+8-LTS)
# Java VM: Java HotSpot(TM) 64-Bit Server VM (11.0.6+8-LTS, mixed mode, tiered, compressed oops, g1 gc, windows-amd64)
# No core dump will be written. Minidumps are not enabled by default on client versions of Windows
#

---------------  S U M M A R Y ------------

Command Line: -javaagent:C:\Program Files\JetBrains\IntelliJ IDEA 2021.1.3\lib\idea_rt.jar=59069:C:\Program Files\JetBrains\IntelliJ IDEA 2021.1.3\bin -Dfile.encoding=UTF-8 github.conpor.TodoAppApplication

Host: Intel(R) Core(TM) i5-2520M CPU @ 2.50GHz, 4 cores, 7G,  Windows 10 , 64 bit Build 19041 (10.0.19041.1023)
Time: Mon Jul 12 17:48:16 2021 Œrodkowoeuropejski czas letni elapsed time: 11 seconds (0d 0h 0m 11s)

---------------  T H R E A D  ---------------

Current thread (0x000001f53448b800):  JavaThread "C2 CompilerThread0" daemon [_thread_in_native, id=19992, stack(0x0000006331f00000,0x0000006332000000)]


Current CompileTask:
C2:  11775 4652       4       org.springframework.core.ResolvableType::forType (115 bytes)

Stack: [0x0000006331f00000,0x0000006332000000]
Native frames: (J=compiled Java code, j=interpreted, Vv=VM code, C=native code)
V  [jvm.dll+0x63679a]
V  [jvm.dll+0x7755bf]
V  [jvm.dll+0x776c65]
V  [jvm.dll+0x7772d3]
V  [jvm.dll+0x25e7f8]
V  [jvm.dll+0xc1c01]
V  [jvm.dll+0xc219c]
V  [jvm.dll+0x2cf424]
V  [jvm.dll+0x552d3f]
V  [jvm.dll+0x219e49]
V  [jvm.dll+0x2173d6]
V  [jvm.dll+0x193a2c]
V  [jvm.dll+0x226544]
V  [jvm.dll+0x224b28]
V  [jvm.dll+0x73a9c5]
V  [jvm.dll+0x733905]
V  [jvm.dll+0x635846]
C  [ucrtbase.dll+0x21bb2]
C  [KERNEL32.DLL+0x17034]
C  [ntdll.dll+0x52651]


---------------  P R O C E S S  ---------------

Threads class SMR info:
_java_thread_list=0x000001f53968d0c0, length=18, elements={
0x000001f5160bf000, 0x000001f53446b000, 0x000001f534475000, 0x000001f534e03000,
0x000001f534489800, 0x000001f53448b800, 0x000001f53448e800, 0x000001f534490800,
0x000001f5343f9800, 0x000001f53526d000, 0x000001f5350fc000, 0x000001f5393c8000,
0x000001f5388c8800, 0x000001f53991a000, 0x000001f53af40800, 0x000001f53a19b000,
0x000001f5387a5000, 0x000001f53698d000
}

Java Threads: ( => current thread )
  0x000001f5160bf000 JavaThread "main" [_thread_in_vm, id=18964, stack(0x0000006331400000,0x0000006331500000)]
  0x000001f53446b000 JavaThread "Reference Handler" daemon [_thread_blocked, id=5952, stack(0x0000006331b00000,0x0000006331c00000)]
  0x000001f534475000 JavaThread "Finalizer" daemon [_thread_blocked, id=9708, stack(0x0000006331c00000,0x0000006331d00000)]
  0x000001f534e03000 JavaThread "Signal Dispatcher" daemon [_thread_blocked, id=16068, stack(0x0000006331d00000,0x0000006331e00000)]
  0x000001f534489800 JavaThread "Attach Listener" daemon [_thread_blocked, id=19980, stack(0x0000006331e00000,0x0000006331f00000)]
=>0x000001f53448b800 JavaThread "C2 CompilerThread0" daemon [_thread_in_native, id=19992, stack(0x0000006331f00000,0x0000006332000000)]
  0x000001f53448e800 JavaThread "C1 CompilerThread0" daemon [_thread_blocked, id=20080, stack(0x0000006332000000,0x0000006332100000)]
  0x000001f534490800 JavaThread "Sweeper thread" daemon [_thread_blocked, id=11404, stack(0x0000006332100000,0x0000006332200000)]
  0x000001f5343f9800 JavaThread "Common-Cleaner" daemon [_thread_blocked, id=12708, stack(0x0000006332200000,0x0000006332300000)]
  0x000001f53526d000 JavaThread "Monitor Ctrl-Break" daemon [_thread_in_native, id=12420, stack(0x0000006332300000,0x0000006332400000)]
  0x000001f5350fc000 JavaThread "Service Thread" daemon [_thread_blocked, id=496, stack(0x0000006332400000,0x0000006332500000)]
  0x000001f5393c8000 JavaThread "C2 CompilerThread1" daemon [_thread_in_native, id=17600, stack(0x0000006332600000,0x0000006332700000)]
  0x000001f5388c8800 JavaThread "MVStore background writer nio:E:/Informatyka/Java/Spring/todo/todo-app/todo-db.mv.db" daemon [_thread_blocked, id=18968, stack(0x0000006332900000,0x0000006332a00000)]
  0x000001f53991a000 JavaThread "HikariPool-1 housekeeper" daemon [_thread_blocked, id=20128, stack(0x0000006332b00000,0x0000006332c00000)]
  0x000001f53af40800 JavaThread "HikariPool-1 connection adder" daemon [_thread_blocked, id=16040, stack(0x0000006332c00000,0x0000006332d00000)]
  0x000001f53a19b000 JavaThread "Catalina-utility-1" [_thread_blocked, id=18148, stack(0x0000006332d00000,0x0000006332e00000)]
  0x000001f5387a5000 JavaThread "Catalina-utility-2" [_thread_blocked, id=14664, stack(0x0000006332e00000,0x0000006332f00000)]
  0x000001f53698d000 JavaThread "container-0" [_thread_blocked, id=8352, stack(0x0000006332f00000,0x0000006333000000)]

Other Threads:
  0x000001f534444000 VMThread "VM Thread" [stack: 0x0000006331a00000,0x0000006331b00000] [id=19976]
  0x000001f5350fd800 WatcherThread [stack: 0x0000006332500000,0x0000006332600000] [id=17928]
  0x000001f5160d8800 GCTaskThread "GC Thread#0" [stack: 0x0000006331500000,0x0000006331600000] [id=7060]
  0x000001f535545800 GCTaskThread "GC Thread#1" [stack: 0x0000006332700000,0x0000006332800000] [id=17716]
  0x000001f53542a000 GCTaskThread "GC Thread#2" [stack: 0x0000006332800000,0x0000006332900000] [id=19448]
  0x000001f535c37800 GCTaskThread "GC Thread#3" [stack: 0x0000006332a00000,0x0000006332b00000] [id=19808]
  0x000001f516109000 ConcurrentGCThread "G1 Main Marker" [stack: 0x0000006331600000,0x0000006331700000] [id=9076]
  0x000001f51610a800 ConcurrentGCThread "G1 Conc#0" [stack: 0x0000006331700000,0x0000006331800000] [id=13888]
  0x000001f51619a800 ConcurrentGCThread "G1 Refine#0" [stack: 0x0000006331800000,0x0000006331900000] [id=5544]
  0x000001f51619b800 ConcurrentGCThread "G1 Young RemSet Sampling" [stack: 0x0000006331900000,0x0000006331a00000] [id=12480]

Threads with active compile tasks:
C2 CompilerThread04652       4       org.springframework.core.ResolvableType::forType (115 bytes)
C2 CompilerThread14475   !   4       org.springframework.core.annotation.AnnotationsScanner::processMethodHierarchy (276 bytes)

VM state:not at safepoint (normal execution)

VM Mutex/Monitor currently owned by a thread: None

Heap address: 0x0000000081c00000, size: 2020 MB, Compressed Oops mode: 32-bit
Narrow klass base: 0x0000000000000000, Narrow klass shift: 3
Compressed class space size: 1073741824 Address: 0x0000000100000000

Heap:
 garbage-first heap   total 169984K, used 70638K [0x0000000081c00000, 0x0000000100000000)
  region size 1024K, 58 young (59392K), 10 survivors (10240K)
 Metaspace       used 64836K, capacity 66361K, committed 66560K, reserved 1107968K
  class space    used 8329K, capacity 8945K, committed 8960K, reserved 1048576K
Heap Regions: E=young(eden), S=young(survivor), O=old, HS=humongous(starts), HC=humongous(continues), CS=collection set, F=free, A=archive, TAMS=top-at-mark-start (previous, next)
|   0|0x0000000081c00000, 0x0000000081d00000, 0x0000000081d00000|100%|HS|  |TAMS 0x0000000081d00000, 0x0000000081c00000| Complete 
|   1|0x0000000081d00000, 0x0000000081e00000, 0x0000000081e00000|100%| O|  |TAMS 0x0000000081e00000, 0x0000000081d00000| Untracked 
|   2|0x0000000081e00000, 0x0000000081f00000, 0x0000000081f00000|100%| O|  |TAMS 0x0000000081f00000, 0x0000000081e00000| Untracked 
|   3|0x0000000081f00000, 0x0000000082000000, 0x0000000082000000|100%| O|  |TAMS 0x0000000082000000, 0x0000000081f00000| Untracked 
|   4|0x0000000082000000, 0x0000000082100000, 0x0000000082100000|100%| O|  |TAMS 0x0000000082100000, 0x0000000082000000| Untracked 
|   5|0x0000000082100000, 0x0000000082200000, 0x0000000082200000|100%| O|  |TAMS 0x0000000082200000, 0x0000000082100000| Untracked 
|   6|0x0000000082200000, 0x0000000082300000, 0x0000000082300000|100%|HS|  |TAMS 0x0000000082300000, 0x0000000082200000| Complete 
|   7|0x0000000082300000, 0x0000000082400000, 0x0000000082400000|100%|HC|  |TAMS 0x0000000082400000, 0x0000000082300000| Complete 
|   8|0x0000000082400000, 0x0000000082500000, 0x0000000082500000|100%| O|  |TAMS 0x0000000082500000, 0x0000000082400000| Untracked 
|   9|0x0000000082500000, 0x0000000082600000, 0x0000000082600000|100%| O|  |TAMS 0x0000000082600000, 0x0000000082500000| Untracked 
|  10|0x0000000082600000, 0x0000000082700000, 0x0000000082700000|100%| O|  |TAMS 0x0000000082700000, 0x0000000082600000| Untracked 
|  11|0x0000000082700000, 0x0000000082800000, 0x0000000082800000|100%| O|  |TAMS 0x0000000082800000, 0x0000000082700000| Untracked 
|  12|0x0000000082800000, 0x000000008288f600, 0x0000000082900000| 56%| O|  |TAMS 0x000000008288f600, 0x0000000082800000| Untracked 
|  13|0x0000000082900000, 0x0000000082900000, 0x0000000082a00000|  0%| F|  |TAMS 0x0000000082900000, 0x0000000082900000| Untracked 
|  14|0x0000000082a00000, 0x0000000082a00000, 0x0000000082b00000|  0%| F|  |TAMS 0x0000000082a00000, 0x0000000082a00000| Untracked 
|  15|0x0000000082b00000, 0x0000000082b00000, 0x0000000082c00000|  0%| F|  |TAMS 0x0000000082b00000, 0x0000000082b00000| Untracked 
|  16|0x0000000082c00000, 0x0000000082c00000, 0x0000000082d00000|  0%| F|  |TAMS 0x0000000082c00000, 0x0000000082c00000| Untracked 
|  17|0x0000000082d00000, 0x0000000082d00000, 0x0000000082e00000|  0%| F|  |TAMS 0x0000000082d00000, 0x0000000082d00000| Untracked 
|  18|0x0000000082e00000, 0x0000000082e00000, 0x0000000082f00000|  0%| F|  |TAMS 0x0000000082e00000, 0x0000000082e00000| Untracked 
|  19|0x0000000082f00000, 0x0000000082f00000, 0x0000000083000000|  0%| F|  |TAMS 0x0000000082f00000, 0x0000000082f00000| Untracked 
|  20|0x0000000083000000, 0x0000000083000000, 0x0000000083100000|  0%| F|  |TAMS 0x0000000083000000, 0x0000000083000000| Untracked 
|  21|0x0000000083100000, 0x0000000083100000, 0x0000000083200000|  0%| F|  |TAMS 0x0000000083100000, 0x0000000083100000| Untracked 
|  22|0x0000000083200000, 0x0000000083200000, 0x0000000083300000|  0%| F|  |TAMS 0x0000000083200000, 0x0000000083200000| Untracked 
|  23|0x0000000083300000, 0x0000000083300000, 0x0000000083400000|  0%| F|  |TAMS 0x0000000083300000, 0x0000000083300000| Untracked 
|  24|0x0000000083400000, 0x0000000083400000, 0x0000000083500000|  0%| F|  |TAMS 0x0000000083400000, 0x0000000083400000| Untracked 
|  25|0x0000000083500000, 0x0000000083500000, 0x0000000083600000|  0%| F|  |TAMS 0x0000000083500000, 0x0000000083500000| Untracked 
|  26|0x0000000083600000, 0x0000000083600000, 0x0000000083700000|  0%| F|  |TAMS 0x0000000083600000, 0x0000000083600000| Untracked 
|  27|0x0000000083700000, 0x0000000083700000, 0x0000000083800000|  0%| F|  |TAMS 0x0000000083700000, 0x0000000083700000| Untracked 
|  28|0x0000000083800000, 0x0000000083800000, 0x0000000083900000|  0%| F|  |TAMS 0x0000000083800000, 0x0000000083800000| Untracked 
|  29|0x0000000083900000, 0x0000000083900000, 0x0000000083a00000|  0%| F|  |TAMS 0x0000000083900000, 0x0000000083900000| Untracked 
|  30|0x0000000083a00000, 0x0000000083a00000, 0x0000000083b00000|  0%| F|  |TAMS 0x0000000083a00000, 0x0000000083a00000| Untracked 
|  31|0x0000000083b00000, 0x0000000083b00000, 0x0000000083c00000|  0%| F|  |TAMS 0x0000000083b00000, 0x0000000083b00000| Untracked 
|  32|0x0000000083c00000, 0x0000000083c00000, 0x0000000083d00000|  0%| F|  |TAMS 0x0000000083c00000, 0x0000000083c00000| Untracked 
|  33|0x0000000083d00000, 0x0000000083d00000, 0x0000000083e00000|  0%| F|  |TAMS 0x0000000083d00000, 0x0000000083d00000| Untracked 
|  34|0x0000000083e00000, 0x0000000083e00000, 0x0000000083f00000|  0%| F|  |TAMS 0x0000000083e00000, 0x0000000083e00000| Untracked 
|  35|0x0000000083f00000, 0x0000000083f00000, 0x0000000084000000|  0%| F|  |TAMS 0x0000000083f00000, 0x0000000083f00000| Untracked 
|  36|0x0000000084000000, 0x0000000084000000, 0x0000000084100000|  0%| F|  |TAMS 0x0000000084000000, 0x0000000084000000| Untracked 
|  37|0x0000000084100000, 0x0000000084100000, 0x0000000084200000|  0%| F|  |TAMS 0x0000000084100000, 0x0000000084100000| Untracked 
|  38|0x0000000084200000, 0x0000000084200000, 0x0000000084300000|  0%| F|  |TAMS 0x0000000084200000, 0x0000000084200000| Untracked 
|  39|0x0000000084300000, 0x0000000084300000, 0x0000000084400000|  0%| F|  |TAMS 0x0000000084300000, 0x0000000084300000| Untracked 
|  40|0x0000000084400000, 0x0000000084400000, 0x0000000084500000|  0%| F|  |TAMS 0x0000000084400000, 0x0000000084400000| Untracked 
|  41|0x0000000084500000, 0x0000000084500000, 0x0000000084600000|  0%| F|  |TAMS 0x0000000084500000, 0x0000000084500000| Untracked 
|  42|0x0000000084600000, 0x0000000084600000, 0x0000000084700000|  0%| F|  |TAMS 0x0000000084600000, 0x0000000084600000| Untracked 
|  43|0x0000000084700000, 0x0000000084700000, 0x0000000084800000|  0%| F|  |TAMS 0x0000000084700000, 0x0000000084700000| Untracked 
|  44|0x0000000084800000, 0x0000000084800000, 0x0000000084900000|  0%| F|  |TAMS 0x0000000084800000, 0x0000000084800000| Untracked 
|  45|0x0000000084900000, 0x0000000084900000, 0x0000000084a00000|  0%| F|  |TAMS 0x0000000084900000, 0x0000000084900000| Untracked 
|  46|0x0000000084a00000, 0x0000000084a00000, 0x0000000084b00000|  0%| F|  |TAMS 0x0000000084a00000, 0x0000000084a00000| Untracked 
|  47|0x0000000084b00000, 0x0000000084b00000, 0x0000000084c00000|  0%| F|  |TAMS 0x0000000084b00000, 0x0000000084b00000| Untracked 
|  48|0x0000000084c00000, 0x0000000084c00000, 0x0000000084d00000|  0%| F|  |TAMS 0x0000000084c00000, 0x0000000084c00000| Untracked 
|  49|0x0000000084d00000, 0x0000000084d00000, 0x0000000084e00000|  0%| F|  |TAMS 0x0000000084d00000, 0x0000000084d00000| Untracked 
|  50|0x0000000084e00000, 0x0000000084e00000, 0x0000000084f00000|  0%| F|  |TAMS 0x0000000084e00000, 0x0000000084e00000| Untracked 
|  51|0x0000000084f00000, 0x0000000084f00000, 0x0000000085000000|  0%| F|  |TAMS 0x0000000084f00000, 0x0000000084f00000| Untracked 
|  52|0x0000000085000000, 0x0000000085000000, 0x0000000085100000|  0%| F|  |TAMS 0x0000000085000000, 0x0000000085000000| Untracked 
|  53|0x0000000085100000, 0x0000000085100000, 0x0000000085200000|  0%| F|  |TAMS 0x0000000085100000, 0x0000000085100000| Untracked 
|  54|0x0000000085200000, 0x0000000085200000, 0x0000000085300000|  0%| F|  |TAMS 0x0000000085200000, 0x0000000085200000| Untracked 
|  55|0x0000000085300000, 0x0000000085300000, 0x0000000085400000|  0%| F|  |TAMS 0x0000000085300000, 0x0000000085300000| Untracked 
|  56|0x0000000085400000, 0x0000000085400000, 0x0000000085500000|  0%| F|  |TAMS 0x0000000085400000, 0x0000000085400000| Untracked 
|  57|0x0000000085500000, 0x0000000085500000, 0x0000000085600000|  0%| F|  |TAMS 0x0000000085500000, 0x0000000085500000| Untracked 
|  58|0x0000000085600000, 0x0000000085600000, 0x0000000085700000|  0%| F|  |TAMS 0x0000000085600000, 0x0000000085600000| Untracked 
|  59|0x0000000085700000, 0x0000000085700000, 0x0000000085800000|  0%| F|  |TAMS 0x0000000085700000, 0x0000000085700000| Untracked 
|  60|0x0000000085800000, 0x0000000085800000, 0x0000000085900000|  0%| F|  |TAMS 0x0000000085800000, 0x0000000085800000| Untracked 
|  61|0x0000000085900000, 0x0000000085900000, 0x0000000085a00000|  0%| F|  |TAMS 0x0000000085900000, 0x0000000085900000| Untracked 
|  62|0x0000000085a00000, 0x0000000085a00000, 0x0000000085b00000|  0%| F|  |TAMS 0x0000000085a00000, 0x0000000085a00000| Untracked 
|  63|0x0000000085b00000, 0x0000000085b00000, 0x0000000085c00000|  0%| F|  |TAMS 0x0000000085b00000, 0x0000000085b00000| Untracked 
|  64|0x0000000085c00000, 0x0000000085c00000, 0x0000000085d00000|  0%| F|  |TAMS 0x0000000085c00000, 0x0000000085c00000| Untracked 
|  65|0x0000000085d00000, 0x0000000085d00000, 0x0000000085e00000|  0%| F|  |TAMS 0x0000000085d00000, 0x0000000085d00000| Untracked 
|  66|0x0000000085e00000, 0x0000000085e00000, 0x0000000085f00000|  0%| F|  |TAMS 0x0000000085e00000, 0x0000000085e00000| Untracked 
|  67|0x0000000085f00000, 0x0000000085f00000, 0x0000000086000000|  0%| F|  |TAMS 0x0000000085f00000, 0x0000000085f00000| Untracked 
|  68|0x0000000086000000, 0x0000000086000000, 0x0000000086100000|  0%| F|  |TAMS 0x0000000086000000, 0x0000000086000000| Untracked 
|  69|0x0000000086100000, 0x0000000086100000, 0x0000000086200000|  0%| F|  |TAMS 0x0000000086100000, 0x0000000086100000| Untracked 
|  70|0x0000000086200000, 0x0000000086200000, 0x0000000086300000|  0%| F|  |TAMS 0x0000000086200000, 0x0000000086200000| Untracked 
|  71|0x0000000086300000, 0x0000000086300000, 0x0000000086400000|  0%| F|  |TAMS 0x0000000086300000, 0x0000000086300000| Untracked 
|  72|0x0000000086400000, 0x0000000086400000, 0x0000000086500000|  0%| F|  |TAMS 0x0000000086400000, 0x0000000086400000| Untracked 
|  73|0x0000000086500000, 0x0000000086500000, 0x0000000086600000|  0%| F|  |TAMS 0x0000000086500000, 0x0000000086500000| Untracked 
|  74|0x0000000086600000, 0x0000000086600000, 0x0000000086700000|  0%| F|  |TAMS 0x0000000086600000, 0x0000000086600000| Untracked 
|  75|0x0000000086700000, 0x0000000086700000, 0x0000000086800000|  0%| F|  |TAMS 0x0000000086700000, 0x0000000086700000| Untracked 
|  76|0x0000000086800000, 0x0000000086800000, 0x0000000086900000|  0%| F|  |TAMS 0x0000000086800000, 0x0000000086800000| Untracked 
|  77|0x0000000086900000, 0x0000000086900000, 0x0000000086a00000|  0%| F|  |TAMS 0x0000000086900000, 0x0000000086900000| Untracked 
|  78|0x0000000086a00000, 0x0000000086a00000, 0x0000000086b00000|  0%| F|  |TAMS 0x0000000086a00000, 0x0000000086a00000| Untracked 
|  79|0x0000000086b00000, 0x0000000086b00000, 0x0000000086c00000|  0%| F|  |TAMS 0x0000000086b00000, 0x0000000086b00000| Untracked 
|  80|0x0000000086c00000, 0x0000000086c00000, 0x0000000086d00000|  0%| F|  |TAMS 0x0000000086c00000, 0x0000000086c00000| Untracked 
|  81|0x0000000086d00000, 0x0000000086d00000, 0x0000000086e00000|  0%| F|  |TAMS 0x0000000086d00000, 0x0000000086d00000| Untracked 
|  82|0x0000000086e00000, 0x0000000086e00000, 0x0000000086f00000|  0%| F|  |TAMS 0x0000000086e00000, 0x0000000086e00000| Untracked 
|  83|0x0000000086f00000, 0x0000000086f00000, 0x0000000087000000|  0%| F|  |TAMS 0x0000000086f00000, 0x0000000086f00000| Untracked 
|  84|0x0000000087000000, 0x0000000087000000, 0x0000000087100000|  0%| F|  |TAMS 0x0000000087000000, 0x0000000087000000| Untracked 
|  85|0x0000000087100000, 0x000000008716c2a0, 0x0000000087200000| 42%| S|CS|TAMS 0x0000000087100000, 0x0000000087100000| Complete 
|  86|0x0000000087200000, 0x0000000087300000, 0x0000000087300000|100%| S|CS|TAMS 0x0000000087200000, 0x0000000087200000| Complete 
|  87|0x0000000087300000, 0x0000000087400000, 0x0000000087400000|100%| S|CS|TAMS 0x0000000087300000, 0x0000000087300000| Complete 
|  88|0x0000000087400000, 0x0000000087500000, 0x0000000087500000|100%| S|CS|TAMS 0x0000000087400000, 0x0000000087400000| Complete 
|  89|0x0000000087500000, 0x0000000087600000, 0x0000000087600000|100%| S|CS|TAMS 0x0000000087500000, 0x0000000087500000| Complete 
|  90|0x0000000087600000, 0x0000000087700000, 0x0000000087700000|100%| S|CS|TAMS 0x0000000087600000, 0x0000000087600000| Complete 
|  91|0x0000000087700000, 0x0000000087800000, 0x0000000087800000|100%| S|CS|TAMS 0x0000000087700000, 0x0000000087700000| Complete 
|  92|0x0000000087800000, 0x0000000087900000, 0x0000000087900000|100%| S|CS|TAMS 0x0000000087800000, 0x0000000087800000| Complete 
|  93|0x0000000087900000, 0x0000000087a00000, 0x0000000087a00000|100%| S|CS|TAMS 0x0000000087900000, 0x0000000087900000| Complete 
|  94|0x0000000087a00000, 0x0000000087b00000, 0x0000000087b00000|100%| S|CS|TAMS 0x0000000087a00000, 0x0000000087a00000| Complete 
|  95|0x0000000087b00000, 0x0000000087b00000, 0x0000000087c00000|  0%| F|  |TAMS 0x0000000087b00000, 0x0000000087b00000| Untracked 
|  96|0x0000000087c00000, 0x0000000087c00000, 0x0000000087d00000|  0%| F|  |TAMS 0x0000000087c00000, 0x0000000087c00000| Untracked 
|  97|0x0000000087d00000, 0x0000000087d00000, 0x0000000087e00000|  0%| F|  |TAMS 0x0000000087d00000, 0x0000000087d00000| Untracked 
|  98|0x0000000087e00000, 0x0000000087e00000, 0x0000000087f00000|  0%| F|  |TAMS 0x0000000087e00000, 0x0000000087e00000| Untracked 
|  99|0x0000000087f00000, 0x0000000087f00000, 0x0000000088000000|  0%| F|  |TAMS 0x0000000087f00000, 0x0000000087f00000| Untracked 
| 100|0x0000000088000000, 0x0000000088000000, 0x0000000088100000|  0%| F|  |TAMS 0x0000000088000000, 0x0000000088000000| Untracked 
| 101|0x0000000088100000, 0x0000000088100000, 0x0000000088200000|  0%| F|  |TAMS 0x0000000088100000, 0x0000000088100000| Untracked 
| 102|0x0000000088200000, 0x0000000088200000, 0x0000000088300000|  0%| F|  |TAMS 0x0000000088200000, 0x0000000088200000| Untracked 
| 103|0x0000000088300000, 0x0000000088300000, 0x0000000088400000|  0%| F|  |TAMS 0x0000000088300000, 0x0000000088300000| Untracked 
| 104|0x0000000088400000, 0x0000000088400000, 0x0000000088500000|  0%| F|  |TAMS 0x0000000088400000, 0x0000000088400000| Untracked 
| 105|0x0000000088500000, 0x0000000088500000, 0x0000000088600000|  0%| F|  |TAMS 0x0000000088500000, 0x0000000088500000| Untracked 
| 106|0x0000000088600000, 0x0000000088600000, 0x0000000088700000|  0%| F|  |TAMS 0x0000000088600000, 0x0000000088600000| Untracked 
| 107|0x0000000088700000, 0x0000000088700000, 0x0000000088800000|  0%| F|  |TAMS 0x0000000088700000, 0x0000000088700000| Untracked 
| 108|0x0000000088800000, 0x0000000088800000, 0x0000000088900000|  0%| F|  |TAMS 0x0000000088800000, 0x0000000088800000| Untracked 
| 109|0x0000000088900000, 0x0000000088900000, 0x0000000088a00000|  0%| F|  |TAMS 0x0000000088900000, 0x0000000088900000| Untracked 
| 110|0x0000000088a00000, 0x0000000088a00000, 0x0000000088b00000|  0%| F|  |TAMS 0x0000000088a00000, 0x0000000088a00000| Untracked 
| 111|0x0000000088b00000, 0x0000000088b00000, 0x0000000088c00000|  0%| F|  |TAMS 0x0000000088b00000, 0x0000000088b00000| Untracked 
| 112|0x0000000088c00000, 0x0000000088c00000, 0x0000000088d00000|  0%| F|  |TAMS 0x0000000088c00000, 0x0000000088c00000| Untracked 
| 113|0x0000000088d00000, 0x0000000088d00000, 0x0000000088e00000|  0%| F|  |TAMS 0x0000000088d00000, 0x0000000088d00000| Untracked 
| 114|0x0000000088e00000, 0x0000000088e00000, 0x0000000088f00000|  0%| F|  |TAMS 0x0000000088e00000, 0x0000000088e00000| Untracked 
| 115|0x0000000088f00000, 0x0000000088f00000, 0x0000000089000000|  0%| F|  |TAMS 0x0000000088f00000, 0x0000000088f00000| Untracked 
| 116|0x0000000089000000, 0x0000000089000000, 0x0000000089100000|  0%| F|  |TAMS 0x0000000089000000, 0x0000000089000000| Untracked 
| 117|0x0000000089100000, 0x0000000089183558, 0x0000000089200000| 51%| E|  |TAMS 0x0000000089100000, 0x0000000089100000| Complete 
| 118|0x0000000089200000, 0x0000000089300000, 0x0000000089300000|100%| E|CS|TAMS 0x0000000089200000, 0x0000000089200000| Complete 
| 119|0x0000000089300000, 0x0000000089400000, 0x0000000089400000|100%| E|CS|TAMS 0x0000000089300000, 0x0000000089300000| Complete 
| 120|0x0000000089400000, 0x0000000089500000, 0x0000000089500000|100%| E|CS|TAMS 0x0000000089400000, 0x0000000089400000| Complete 
| 121|0x0000000089500000, 0x0000000089600000, 0x0000000089600000|100%| E|CS|TAMS 0x0000000089500000, 0x0000000089500000| Complete 
| 122|0x0000000089600000, 0x0000000089700000, 0x0000000089700000|100%| E|CS|TAMS 0x0000000089600000, 0x0000000089600000| Complete 
| 123|0x0000000089700000, 0x0000000089800000, 0x0000000089800000|100%| E|CS|TAMS 0x0000000089700000, 0x0000000089700000| Complete 
| 124|0x0000000089800000, 0x0000000089900000, 0x0000000089900000|100%| E|CS|TAMS 0x0000000089800000, 0x0000000089800000| Complete 
| 125|0x0000000089900000, 0x0000000089a00000, 0x0000000089a00000|100%| E|CS|TAMS 0x0000000089900000, 0x0000000089900000| Complete 
| 126|0x0000000089a00000, 0x0000000089b00000, 0x0000000089b00000|100%| E|CS|TAMS 0x0000000089a00000, 0x0000000089a00000| Complete 
| 127|0x0000000089b00000, 0x0000000089c00000, 0x0000000089c00000|100%| E|CS|TAMS 0x0000000089b00000, 0x0000000089b00000| Complete 
| 128|0x0000000089c00000, 0x0000000089d00000, 0x0000000089d00000|100%| E|CS|TAMS 0x0000000089c00000, 0x0000000089c00000| Complete 
| 129|0x0000000089d00000, 0x0000000089e00000, 0x0000000089e00000|100%| E|CS|TAMS 0x0000000089d00000, 0x0000000089d00000| Complete 
| 130|0x0000000089e00000, 0x0000000089f00000, 0x0000000089f00000|100%| E|CS|TAMS 0x0000000089e00000, 0x0000000089e00000| Complete 
| 131|0x0000000089f00000, 0x000000008a000000, 0x000000008a000000|100%| E|CS|TAMS 0x0000000089f00000, 0x0000000089f00000| Complete 
| 132|0x000000008a000000, 0x000000008a100000, 0x000000008a100000|100%| E|CS|TAMS 0x000000008a000000, 0x000000008a000000| Complete 
| 133|0x000000008a100000, 0x000000008a200000, 0x000000008a200000|100%| E|CS|TAMS 0x000000008a100000, 0x000000008a100000| Complete 
| 134|0x000000008a200000, 0x000000008a300000, 0x000000008a300000|100%| E|CS|TAMS 0x000000008a200000, 0x000000008a200000| Complete 
| 135|0x000000008a300000, 0x000000008a400000, 0x000000008a400000|100%| E|CS|TAMS 0x000000008a300000, 0x000000008a300000| Complete 
| 136|0x000000008a400000, 0x000000008a500000, 0x000000008a500000|100%| E|CS|TAMS 0x000000008a400000, 0x000000008a400000| Complete 
| 137|0x000000008a500000, 0x000000008a600000, 0x000000008a600000|100%| E|CS|TAMS 0x000000008a500000, 0x000000008a500000| Complete 
| 138|0x000000008a600000, 0x000000008a700000, 0x000000008a700000|100%| E|CS|TAMS 0x000000008a600000, 0x000000008a600000| Complete 
| 139|0x000000008a700000, 0x000000008a800000, 0x000000008a800000|100%| E|CS|TAMS 0x000000008a700000, 0x000000008a700000| Complete 
| 140|0x000000008a800000, 0x000000008a900000, 0x000000008a900000|100%| E|CS|TAMS 0x000000008a800000, 0x000000008a800000| Complete 
| 141|0x000000008a900000, 0x000000008aa00000, 0x000000008aa00000|100%| E|CS|TAMS 0x000000008a900000, 0x000000008a900000| Complete 
| 142|0x000000008aa00000, 0x000000008ab00000, 0x000000008ab00000|100%| E|CS|TAMS 0x000000008aa00000, 0x000000008aa00000| Complete 
| 143|0x000000008ab00000, 0x000000008ac00000, 0x000000008ac00000|100%| E|CS|TAMS 0x000000008ab00000, 0x000000008ab00000| Complete 
| 144|0x000000008ac00000, 0x000000008ad00000, 0x000000008ad00000|100%| E|CS|TAMS 0x000000008ac00000, 0x000000008ac00000| Complete 
| 145|0x000000008ad00000, 0x000000008ae00000, 0x000000008ae00000|100%| E|CS|TAMS 0x000000008ad00000, 0x000000008ad00000| Complete 
| 146|0x000000008ae00000, 0x000000008af00000, 0x000000008af00000|100%| E|CS|TAMS 0x000000008ae00000, 0x000000008ae00000| Complete 
| 147|0x000000008af00000, 0x000000008b000000, 0x000000008b000000|100%| E|CS|TAMS 0x000000008af00000, 0x000000008af00000| Complete 
| 148|0x000000008b000000, 0x000000008b100000, 0x000000008b100000|100%| E|CS|TAMS 0x000000008b000000, 0x000000008b000000| Complete 
| 149|0x000000008b100000, 0x000000008b200000, 0x000000008b200000|100%| E|CS|TAMS 0x000000008b100000, 0x000000008b100000| Complete 
| 150|0x000000008b200000, 0x000000008b300000, 0x000000008b300000|100%| E|CS|TAMS 0x000000008b200000, 0x000000008b200000| Complete 
| 151|0x000000008b300000, 0x000000008b400000, 0x000000008b400000|100%| E|CS|TAMS 0x000000008b300000, 0x000000008b300000| Complete 
| 152|0x000000008b400000, 0x000000008b500000, 0x000000008b500000|100%| E|CS|TAMS 0x000000008b400000, 0x000000008b400000| Complete 
| 153|0x000000008b500000, 0x000000008b600000, 0x000000008b600000|100%| E|CS|TAMS 0x000000008b500000, 0x000000008b500000| Complete 
| 154|0x000000008b600000, 0x000000008b700000, 0x000000008b700000|100%| E|CS|TAMS 0x000000008b600000, 0x000000008b600000| Complete 
| 155|0x000000008b700000, 0x000000008b800000, 0x000000008b800000|100%| E|CS|TAMS 0x000000008b700000, 0x000000008b700000| Complete 
| 156|0x000000008b800000, 0x000000008b900000, 0x000000008b900000|100%| E|CS|TAMS 0x000000008b800000, 0x000000008b800000| Complete 
| 157|0x000000008b900000, 0x000000008ba00000, 0x000000008ba00000|100%| E|CS|TAMS 0x000000008b900000, 0x000000008b900000| Complete 
| 158|0x000000008ba00000, 0x000000008bb00000, 0x000000008bb00000|100%| E|CS|TAMS 0x000000008ba00000, 0x000000008ba00000| Complete 
| 159|0x000000008bb00000, 0x000000008bc00000, 0x000000008bc00000|100%| E|CS|TAMS 0x000000008bb00000, 0x000000008bb00000| Complete 
| 160|0x000000008bc00000, 0x000000008bd00000, 0x000000008bd00000|100%| E|CS|TAMS 0x000000008bc00000, 0x000000008bc00000| Complete 
| 161|0x000000008bd00000, 0x000000008be00000, 0x000000008be00000|100%| E|CS|TAMS 0x000000008bd00000, 0x000000008bd00000| Complete 
| 162|0x000000008be00000, 0x000000008bf00000, 0x000000008bf00000|100%| E|CS|TAMS 0x000000008be00000, 0x000000008be00000| Complete 
| 163|0x000000008bf00000, 0x000000008c000000, 0x000000008c000000|100%| E|CS|TAMS 0x000000008bf00000, 0x000000008bf00000| Complete 
| 164|0x000000008c000000, 0x000000008c100000, 0x000000008c100000|100%| E|CS|TAMS 0x000000008c000000, 0x000000008c000000| Complete 
| 165|0x000000008c100000, 0x000000008c200000, 0x000000008c200000|100%| E|CS|TAMS 0x000000008c100000, 0x000000008c100000| Complete 

Card table byte_map: [0x000001f52d850000,0x000001f52dc50000] _byte_map_base: 0x000001f52d442000

Marking Bits (Prev, Next): (CMBitMap*) 0x000001f516100400, (CMBitMap*) 0x000001f5161003c8
 Prev Bits: [0x000001f52ffe0000, 0x000001f531f70000)
 Next Bits: [0x000001f52e050000, 0x000001f52ffe0000)

Polling page: 0x000001f5158a0000

Metaspace:

Usage:
  Non-class:     56.13 MB capacity,    55.24 MB ( 98%) used,   712.82 KB (  1%) free+waste,   201.38 KB ( <1%) overhead. 
      Class:      8.77 MB capacity,     8.14 MB ( 93%) used,   546.75 KB (  6%) free+waste,    94.63 KB (  1%) overhead. 
       Both:     64.90 MB capacity,    63.38 MB ( 98%) used,     1.23 MB (  2%) free+waste,   296.00 KB ( <1%) overhead. 

Virtual space:
  Non-class space:       58.00 MB reserved,      56.25 MB ( 97%) committed 
      Class space:        1.00 GB reserved,       8.88 MB ( <1%) committed 
             Both:        1.06 GB reserved,      65.13 MB (  6%) committed 

Chunk freelists:
   Non-Class:  7.00 KB
       Class:  1.88 KB
        Both:  8.88 KB

CodeHeap 'non-profiled nmethods': size=120064Kb used=2940Kb max_used=2940Kb free=117123Kb
 bounds [0x000001f525f10000, 0x000001f5261f0000, 0x000001f52d450000]
CodeHeap 'profiled nmethods': size=120000Kb used=10963Kb max_used=10963Kb free=109036Kb
 bounds [0x000001f51e9e0000, 0x000001f51f4a0000, 0x000001f525f10000]
CodeHeap 'non-nmethods': size=5696Kb used=1221Kb max_used=1266Kb free=4474Kb
 bounds [0x000001f51e450000, 0x000001f51e6c0000, 0x000001f51e9e0000]
 total_blobs=6273 nmethods=4623 adapters=501
 compilation: enabled
              stopped_count=0, restarted_count=0
 full_count=0

Compilation events (10 events):
Event: 11.746 Thread 0x000001f53448e800 4700       2       com.sun.org.apache.xalan.internal.utils.XMLSecurityManager$NameMap::getOldName (18 bytes)
Event: 11.746 Thread 0x000001f53448e800 nmethod 4700 0x000001f51f493790 code [0x000001f51f493940, 0x000001f51f493af0]
Event: 11.747 Thread 0x000001f53448e800 4701       2       com.fasterxml.jackson.databind.type.ClassKey::<init> (29 bytes)
Event: 11.747 Thread 0x000001f53448e800 nmethod 4701 0x000001f51f493c10 code [0x000001f51f493de0, 0x000001f51f494060]
Event: 11.749 Thread 0x000001f53448e800 4702       2       java.util.concurrent.ConcurrentHashMap::<init> (9 bytes)
Event: 11.749 Thread 0x000001f53448e800 nmethod 4702 0x000001f51f494190 code [0x000001f51f494360, 0x000001f51f4944f0]
Event: 11.750 Thread 0x000001f53448e800 4703       2       org.springframework.core.log.CompositeLog::initLogger (45 bytes)
Event: 11.751 Thread 0x000001f53448e800 nmethod 4703 0x000001f51f494590 code [0x000001f51f494780, 0x000001f51f494a40]
Event: 11.764 Thread 0x000001f53448e800 4704       1       org.springframework.beans.factory.support.AbstractAutowireCapableBeanFactory::getInstantiationStrategy (5 bytes)
Event: 11.764 Thread 0x000001f53448e800 nmethod 4704 0x000001f5261ee710 code [0x000001f5261ee8c0, 0x000001f5261ee9d8]

GC Heap History (10 events):
Event: 3.478 GC heap before
{Heap before GC invocations=5 (full 0):
 garbage-first heap   total 131072K, used 53178K [0x0000000081c00000, 0x0000000100000000)
  region size 1024K, 47 young (48128K), 3 survivors (3072K)
 Metaspace       used 24209K, capacity 24777K, committed 24960K, reserved 1071104K
  class space    used 2880K, capacity 3097K, committed 3200K, reserved 1048576K
}
Event: 3.484 GC heap after
{Heap after GC invocations=6 (full 0):
 garbage-first heap   total 131072K, used 10438K [0x0000000081c00000, 0x0000000100000000)
  region size 1024K, 5 young (5120K), 5 survivors (5120K)
 Metaspace       used 24209K, capacity 24777K, committed 24960K, reserved 1071104K
  class space    used 2880K, capacity 3097K, committed 3200K, reserved 1048576K
}
Event: 4.297 GC heap before
{Heap before GC invocations=6 (full 0):
 garbage-first heap   total 131072K, used 67782K [0x0000000081c00000, 0x0000000100000000)
  region size 1024K, 62 young (63488K), 5 survivors (5120K)
 Metaspace       used 29504K, capacity 30199K, committed 30464K, reserved 1075200K
  class space    used 3465K, capacity 3713K, committed 3840K, reserved 1048576K
}
Event: 4.307 GC heap after
{Heap after GC invocations=7 (full 0):
 garbage-first heap   total 169984K, used 11754K [0x0000000081c00000, 0x0000000100000000)
  region size 1024K, 6 young (6144K), 6 survivors (6144K)
 Metaspace       used 29504K, capacity 30199K, committed 30464K, reserved 1075200K
  class space    used 3465K, capacity 3713K, committed 3840K, reserved 1048576K
}
Event: 5.885 GC heap before
{Heap before GC invocations=7 (full 0):
 garbage-first heap   total 169984K, used 57834K [0x0000000081c00000, 0x0000000100000000)
  region size 1024K, 52 young (53248K), 6 survivors (6144K)
 Metaspace       used 34857K, capacity 35714K, committed 35840K, reserved 1081344K
  class space    used 4194K, capacity 4537K, committed 4608K, reserved 1048576K
}
Event: 5.898 GC heap after
{Heap after GC invocations=8 (full 0):
 garbage-first heap   total 169984K, used 13583K [0x0000000081c00000, 0x0000000100000000)
  region size 1024K, 8 young (8192K), 8 survivors (8192K)
 Metaspace       used 34857K, capacity 35714K, committed 35840K, reserved 1081344K
  class space    used 4194K, capacity 4537K, committed 4608K, reserved 1048576K
}
Event: 7.990 GC heap before
{Heap before GC invocations=9 (full 0):
 garbage-first heap   total 169984K, used 107791K [0x0000000081c00000, 0x0000000100000000)
  region size 1024K, 99 young (101376K), 8 survivors (8192K)
 Metaspace       used 44104K, capacity 45192K, committed 45440K, reserved 1089536K
  class space    used 5261K, capacity 5689K, committed 5760K, reserved 1048576K
}
Event: 8.005 GC heap after
{Heap after GC invocations=10 (full 0):
 garbage-first heap   total 169984K, used 18872K [0x0000000081c00000, 0x0000000100000000)
  region size 1024K, 10 young (10240K), 10 survivors (10240K)
 Metaspace       used 44104K, capacity 45192K, committed 45440K, reserved 1089536K
  class space    used 5261K, capacity 5689K, committed 5760K, reserved 1048576K
}
Event: 10.392 GC heap before
{Heap before GC invocations=10 (full 0):
 garbage-first heap   total 169984K, used 90552K [0x0000000081c00000, 0x0000000100000000)
  region size 1024K, 81 young (82944K), 10 survivors (10240K)
 Metaspace       used 58880K, capacity 60085K, committed 60160K, reserved 1101824K
  class space    used 7510K, capacity 8029K, committed 8064K, reserved 1048576K
}
Event: 10.413 GC heap after
{Heap after GC invocations=11 (full 0):
 garbage-first heap   total 169984K, used 22510K [0x0000000081c00000, 0x0000000100000000)
  region size 1024K, 10 young (10240K), 10 survivors (10240K)
 Metaspace       used 58880K, capacity 60085K, committed 60160K, reserved 1101824K
  class space    used 7510K, capacity 8029K, committed 8064K, reserved 1048576K
}

Deoptimization events (10 events):
Event: 10.780 Thread 0x000001f5160bf000 Uncommon trap: reason=unstable_if action=reinterpret pc=0x000001f525fc7fa8 method=java.lang.String.<init>([CIILjava/lang/Void;)V @ 43 c2
Event: 10.797 Thread 0x000001f5160bf000 Uncommon trap: reason=unstable_if action=reinterpret pc=0x000001f526180df8 method=java.util.ArrayDeque.addLast(Ljava/lang/Object;)V @ 42 c2
Event: 11.018 Thread 0x000001f5160bf000 Uncommon trap: reason=speculate_null_assert action=make_not_entrant pc=0x000001f526099ed4 method=org.springframework.util.ConcurrentReferenceHashMap$Segment.restructureIfNecessary(Z)V @ 41 c2
Event: 11.018 Thread 0x000001f5160bf000 Uncommon trap: reason=speculate_null_assert action=make_not_entrant pc=0x000001f52609b640 method=org.springframework.util.ConcurrentReferenceHashMap$Segment.restructureIfNecessary(Z)V @ 41 c2
Event: 11.044 Thread 0x000001f5160bf000 Uncommon trap: reason=speculate_null_assert action=make_not_entrant pc=0x000001f525fa3114 method=org.springframework.util.ConcurrentReferenceHashMap$Segment.restructureIfNecessary(Z)V @ 41 c2
Event: 11.189 Thread 0x000001f5160bf000 Uncommon trap: reason=unstable_if action=reinterpret pc=0x000001f526035f24 method=java.util.HashMap.putVal(ILjava/lang/Object;Ljava/lang/Object;ZZ)Ljava/lang/Object; @ 162 c2
Event: 11.471 Thread 0x000001f5160bf000 Uncommon trap: reason=unstable_if action=reinterpret pc=0x000001f5260d5240 method=org.springframework.aop.framework.autoproxy.AbstractAutoProxyCreator.predictBeanType(Ljava/lang/Class;Ljava/lang/String;)Ljava/lang/Class; @ 9 c2
Event: 11.649 Thread 0x000001f5160bf000 Uncommon trap: reason=unstable_if action=reinterpret pc=0x000001f5261d2600 method=org.springframework.beans.factory.support.AbstractBeanFactory.isTypeMatch(Ljava/lang/String;Lorg/springframework/core/ResolvableType;Z)Z @ 559 c2
Event: 11.715 Thread 0x000001f5160bf000 Uncommon trap: reason=unstable_if action=reinterpret pc=0x000001f5260ba130 method=java.util.concurrent.ConcurrentHashMap.putVal(Ljava/lang/Object;Ljava/lang/Object;Z)Ljava/lang/Object; @ 401 c2
Event: 11.716 Thread 0x000001f5160bf000 Uncommon trap: reason=unstable_if action=reinterpret pc=0x000001f525febcec method=java.util.concurrent.ConcurrentHashMap.get(Ljava/lang/Object;)Ljava/lang/Object; @ 86 c2

Classes redefined (0 events):
No events

Internal exceptions (10 events):
Event: 11.526 Thread 0x000001f5160bf000 Exception <a 'java/lang/ClassNotFoundException'{0x0000000089b0dfa0}: java/lang/ObjectCustomizer> (0x0000000089b0dfa0) thrown at [t:/workspace/open/src/hotspot/share/classfile/systemDictionary.cpp, line 231]
Event: 11.529 Thread 0x000001f5160bf000 Exception <a 'java/lang/ClassNotFoundException'{0x0000000089b1fad8}: org/springframework/web/servlet/config/annotation/WebMvcConfigurationSupportCustomizer> (0x0000000089b1fad8) thrown at [t:/workspace/open/src/hotspot/share/classfile/systemDictionary.cpp
Event: 11.531 Thread 0x000001f5160bf000 Exception <a 'java/lang/ClassNotFoundException'{0x0000000089b3db20}: org/springframework/web/servlet/config/annotation/DelegatingWebMvcConfigurationCustomizer> (0x0000000089b3db20) thrown at [t:/workspace/open/src/hotspot/share/classfile/systemDictionary.
Event: 11.539 Thread 0x000001f5160bf000 Exception <a 'java/lang/ClassNotFoundException'{0x0000000089b53118}: org/springframework/boot/autoconfigure/web/servlet/WebMvcAutoConfiguration$EnableWebMvcConfigurationCustomizer> (0x0000000089b53118) thrown at [t:/workspace/open/src/hotspot/share/classf
Event: 11.541 Thread 0x000001f5160bf000 Exception <a 'java/lang/ClassNotFoundException'{0x0000000089b6dc00}: org/springframework/context/ResourceLoaderAwareCustomizer> (0x0000000089b6dc00) thrown at [t:/workspace/open/src/hotspot/share/classfile/systemDictionary.cpp, line 231]
Event: 11.542 Thread 0x000001f5160bf000 Exception <a 'java/lang/ClassNotFoundException'{0x0000000089b79210}: org/springframework/beans/factory/AwareCustomizer> (0x0000000089b79210) thrown at [t:/workspace/open/src/hotspot/share/classfile/systemDictionary.cpp, line 231]
Event: 11.542 Thread 0x000001f5160bf000 Exception <a 'java/lang/ClassNotFoundException'{0x0000000089b85370}: org/springframework/context/ApplicationContextAwareCustomizer> (0x0000000089b85370) thrown at [t:/workspace/open/src/hotspot/share/classfile/systemDictionary.cpp, line 231]
Event: 11.543 Thread 0x000001f5160bf000 Exception <a 'java/lang/ClassNotFoundException'{0x0000000089b91310}: org/springframework/beans/factory/AwareCustomizer> (0x0000000089b91310) thrown at [t:/workspace/open/src/hotspot/share/classfile/systemDictionary.cpp, line 231]
Event: 11.544 Thread 0x000001f5160bf000 Exception <a 'java/lang/ClassNotFoundException'{0x0000000089b9d208}: org/springframework/web/context/ServletContextAwareCustomizer> (0x0000000089b9d208) thrown at [t:/workspace/open/src/hotspot/share/classfile/systemDictionary.cpp, line 231]
Event: 11.545 Thread 0x000001f5160bf000 Exception <a 'java/lang/ClassNotFoundException'{0x0000000089ba8c80}: org/springframework/beans/factory/AwareCustomizer> (0x0000000089ba8c80) thrown at [t:/workspace/open/src/hotspot/share/classfile/systemDictionary.cpp, line 231]

Events (10 events):
Event: 11.771 loading class org/springframework/data/domain/PageRequest
Event: 11.771 loading class org/springframework/data/domain/PageRequest done
Event: 11.772 loading class org/springframework/data/domain/AbstractPageRequest
Event: 11.772 loading class org/springframework/data/domain/AbstractPageRequest done
Event: 11.773 loading class org/springframework/data/web/PageableHandlerMethodArgumentResolver
Event: 11.773 loading class org/springframework/data/web/PageableHandlerMethodArgumentResolver done
Event: 11.773 loading class org/springframework/data/web/config/PageableHandlerMethodArgumentResolverCustomizer
Event: 11.773 loading class org/springframework/data/web/config/PageableHandlerMethodArgumentResolverCustomizer done
Event: 11.773 loading class org/springframework/data/web/PageableHandlerMethodArgumentResolver
Event: 11.773 loading class org/springframework/data/web/PageableHandlerMethodArgumentResolver done


Dynamic libraries:
0x00007ff66e130000 - 0x00007ff66e177000 	C:\Program Files\Java\jdk-11.0.6\bin\java.exe
0x00007ffd10ad0000 - 0x00007ffd10cc5000 	C:\WINDOWS\SYSTEM32\ntdll.dll
0x00007ffd0f8e0000 - 0x00007ffd0f99d000 	C:\WINDOWS\System32\KERNEL32.DLL
0x00007ffd0e310000 - 0x00007ffd0e5d9000 	C:\WINDOWS\System32\KERNELBASE.dll
0x00007ffd0fa80000 - 0x00007ffd0fb2c000 	C:\WINDOWS\System32\ADVAPI32.dll
0x00007ffd10240000 - 0x00007ffd102de000 	C:\WINDOWS\System32\msvcrt.dll
0x00007ffd0ff10000 - 0x00007ffd0ffab000 	C:\WINDOWS\System32\sechost.dll
0x00007ffd0ffe0000 - 0x00007ffd1010a000 	C:\WINDOWS\System32\RPCRT4.dll
0x00007ffd0fd70000 - 0x00007ffd0ff10000 	C:\WINDOWS\System32\USER32.dll
0x00007ffd0e750000 - 0x00007ffd0e772000 	C:\WINDOWS\System32\win32u.dll
0x00007ffd10540000 - 0x00007ffd1056a000 	C:\WINDOWS\System32\GDI32.dll
0x00007ffd0e830000 - 0x00007ffd0e93b000 	C:\WINDOWS\System32\gdi32full.dll
0x00007ffd0e940000 - 0x00007ffd0e9dd000 	C:\WINDOWS\System32\msvcp_win.dll
0x00007ffd0e210000 - 0x00007ffd0e310000 	C:\WINDOWS\System32\ucrtbase.dll
0x00007ffcfa720000 - 0x00007ffcfa9ba000 	C:\WINDOWS\WinSxS\amd64_microsoft.windows.common-controls_6595b64144ccf1df_6.0.19041.1083_none_60bbe31371f34e71\COMCTL32.dll
0x00007ffd01320000 - 0x00007ffd0132a000 	C:\WINDOWS\SYSTEM32\VERSION.dll
0x00007ffd0ffb0000 - 0x00007ffd0ffe0000 	C:\WINDOWS\System32\IMM32.DLL
0x00007ffd04ef0000 - 0x00007ffd04f06000 	C:\Program Files\Java\jdk-11.0.6\bin\vcruntime140.dll
0x00007ffcf9aa0000 - 0x00007ffcf9b4a000 	C:\Program Files\Java\jdk-11.0.6\bin\msvcp140.dll
0x00007ffcdc670000 - 0x00007ffcdd199000 	C:\Program Files\Java\jdk-11.0.6\bin\server\jvm.dll
0x00007ffd0fc50000 - 0x00007ffd0fc58000 	C:\WINDOWS\System32\PSAPI.DLL
0x00007ffd09010000 - 0x00007ffd09019000 	C:\WINDOWS\SYSTEM32\WSOCK32.dll
0x00007ffd10470000 - 0x00007ffd104db000 	C:\WINDOWS\System32\WS2_32.dll
0x00007ffcf90a0000 - 0x00007ffcf90c7000 	C:\WINDOWS\SYSTEM32\WINMM.dll
0x00007ffd0cae0000 - 0x00007ffd0caf2000 	C:\WINDOWS\SYSTEM32\kernel.appcore.dll
0x00007ffd03500000 - 0x00007ffd03511000 	C:\Program Files\Java\jdk-11.0.6\bin\verify.dll
0x00007ffd06710000 - 0x00007ffd068f4000 	C:\WINDOWS\SYSTEM32\DBGHELP.DLL
0x00007ffd06690000 - 0x00007ffd066bc000 	C:\WINDOWS\SYSTEM32\dbgcore.DLL
0x00007ffd0e670000 - 0x00007ffd0e6f3000 	C:\WINDOWS\System32\bcryptPrimitives.dll
0x00007ffd02470000 - 0x00007ffd02499000 	C:\Program Files\Java\jdk-11.0.6\bin\java.dll
0x00007ffd007e0000 - 0x00007ffd0080f000 	C:\Program Files\Java\jdk-11.0.6\bin\instrument.dll
0x00007ffd01fc0000 - 0x00007ffd01fd6000 	C:\Program Files\Java\jdk-11.0.6\bin\zip.dll
0x00007ffd07320000 - 0x00007ffd0732a000 	C:\Program Files\Java\jdk-11.0.6\bin\jimage.dll
0x00007ffd0ee40000 - 0x00007ffd0f57f000 	C:\WINDOWS\System32\SHELL32.dll
0x00007ffd0c130000 - 0x00007ffd0c8c1000 	C:\WINDOWS\SYSTEM32\windows.storage.dll
0x00007ffd0f580000 - 0x00007ffd0f8d5000 	C:\WINDOWS\System32\combase.dll
0x00007ffd0dc80000 - 0x00007ffd0dcac000 	C:\WINDOWS\SYSTEM32\Wldp.dll
0x00007ffd0fcc0000 - 0x00007ffd0fd6e000 	C:\WINDOWS\System32\SHCORE.dll
0x00007ffd101e0000 - 0x00007ffd10235000 	C:\WINDOWS\System32\shlwapi.dll
0x00007ffd0e150000 - 0x00007ffd0e16f000 	C:\WINDOWS\SYSTEM32\profapi.dll
0x00007ffd007c0000 - 0x00007ffd007d9000 	C:\Program Files\Java\jdk-11.0.6\bin\net.dll
0x00007ffd05290000 - 0x00007ffd0539a000 	C:\WINDOWS\SYSTEM32\WINHTTP.dll
0x00007ffd0d9e0000 - 0x00007ffd0da4a000 	C:\WINDOWS\system32\mswsock.dll
0x00007ffd00650000 - 0x00007ffd00663000 	C:\Program Files\Java\jdk-11.0.6\bin\nio.dll
0x00007ffd001b0000 - 0x00007ffd001ca000 	C:\Program Files\JetBrains\IntelliJ IDEA 2021.1.3\bin\breakgen64.dll
0x00007ffd04ec0000 - 0x00007ffd04ec9000 	C:\Program Files\Java\jdk-11.0.6\bin\management.dll
0x00007ffd02440000 - 0x00007ffd0244c000 	C:\Program Files\Java\jdk-11.0.6\bin\management_ext.dll
0x00007ffcfaa80000 - 0x00007ffcfaa97000 	C:\WINDOWS\system32\napinsp.dll
0x00007ffcf82a0000 - 0x00007ffcf82bb000 	C:\WINDOWS\system32\pnrpnsp.dll
0x00007ffd09280000 - 0x00007ffd09295000 	C:\WINDOWS\system32\wshbth.dll
0x00007ffd07a50000 - 0x00007ffd07a6d000 	C:\WINDOWS\system32\NLAapi.dll
0x00007ffd0d680000 - 0x00007ffd0d6bb000 	C:\WINDOWS\SYSTEM32\IPHLPAPI.DLL
0x00007ffd0d6d0000 - 0x00007ffd0d79c000 	C:\WINDOWS\SYSTEM32\DNSAPI.dll
0x00007ffd0eb40000 - 0x00007ffd0eb48000 	C:\WINDOWS\System32\NSI.dll
0x00007ffcf8250000 - 0x00007ffcf8262000 	C:\WINDOWS\System32\winrnr.dll
0x00007ffd042c0000 - 0x00007ffd042ca000 	C:\Windows\System32\rasadhlp.dll
0x00007ffd042e0000 - 0x00007ffd0435f000 	C:\WINDOWS\System32\fwpuclnt.dll
0x00007ffd0e5e0000 - 0x00007ffd0e607000 	C:\WINDOWS\System32\bcrypt.dll
0x00007ffd0dbd0000 - 0x00007ffd0dbe8000 	C:\WINDOWS\SYSTEM32\CRYPTSP.dll
0x00007ffd0d310000 - 0x00007ffd0d344000 	C:\WINDOWS\system32\rsaenh.dll
0x00007ffd0e110000 - 0x00007ffd0e13e000 	C:\WINDOWS\SYSTEM32\USERENV.dll
0x00007ffd0dbc0000 - 0x00007ffd0dbcc000 	C:\WINDOWS\SYSTEM32\CRYPTBASE.dll
0x00007ffd05e60000 - 0x00007ffd05e77000 	C:\WINDOWS\SYSTEM32\dhcpcsvc6.DLL
0x00007ffd06a30000 - 0x00007ffd06a4d000 	C:\WINDOWS\SYSTEM32\dhcpcsvc.DLL

dbghelp: loaded successfully - version: 4.0.5 - missing functions: none
symbol engine: initialized successfully - sym options: 0x614 - pdb path: .;C:\Program Files\Java\jdk-11.0.6\bin;C:\WINDOWS\SYSTEM32;C:\WINDOWS\WinSxS\amd64_microsoft.windows.common-controls_6595b64144ccf1df_6.0.19041.1083_none_60bbe31371f34e71;C:\Program Files\Java\jdk-11.0.6\bin\server;C:\Program Files\JetBrains\IntelliJ IDEA 2021.1.3\bin

VM Arguments:
jvm_args: -javaagent:C:\Program Files\JetBrains\IntelliJ IDEA 2021.1.3\lib\idea_rt.jar=59069:C:\Program Files\JetBrains\IntelliJ IDEA 2021.1.3\bin -Dfile.encoding=UTF-8 
java_command: github.conpor.TodoAppApplication
java_class_path (initial): E:\Informatyka\Java\Spring\todo\todo-app\target\classes;C:\Users\CEM\.m2\repository\org\springframework\boot\spring-boot-configuration-processor\2.5.1\spring-boot-configuration-processor-2.5.1.jar;C:\Users\CEM\.m2\repository\org\springframework\boot\spring-boot-starter-data-jpa\2.5.1\spring-boot-starter-data-jpa-2.5.1.jar;C:\Users\CEM\.m2\repository\org\springframework\boot\spring-boot-starter-aop\2.5.1\spring-boot-starter-aop-2.5.1.jar;C:\Users\CEM\.m2\repository\org\springframework\spring-aop\5.3.8\spring-aop-5.3.8.jar;C:\Users\CEM\.m2\repository\org\aspectj\aspectjweaver\1.9.6\aspectjweaver-1.9.6.jar;C:\Users\CEM\.m2\repository\org\springframework\boot\spring-boot-starter-jdbc\2.5.1\spring-boot-starter-jdbc-2.5.1.jar;C:\Users\CEM\.m2\repository\com\zaxxer\HikariCP\4.0.3\HikariCP-4.0.3.jar;C:\Users\CEM\.m2\repository\org\springframework\spring-jdbc\5.3.8\spring-jdbc-5.3.8.jar;C:\Users\CEM\.m2\repository\jakarta\transaction\jakarta.transaction-api\1.3.3\jakarta.transaction-api-1.3.3.jar;C:\Users\CEM\.m2\repository\jakarta\persistence\jakarta.persistence-api\2.2.3\jakarta.persistence-api-2.2.3.jar;C:\Users\CEM\.m2\repository\org\hibernate\hibernate-core\5.4.32.Final\hibernate-core-5.4.32.Final.jar;C:\Users\CEM\.m2\repository\org\jboss\logging\jboss-logging\3.4.2.Final\jboss-logging-3.4.2.Final.jar;C:\Users\CEM\.m2\repository\org\javassist\javassist\3.27.0-GA\javassist-3.27.0-GA.jar;C:\Users\CEM\.m2\repository\net\bytebuddy\byte-buddy\1.10.22\byte-buddy-1.10.22.jar;C:\Users\CEM\.m2\repository\antlr\antlr\2.7.7\antlr-2.7.7.jar;C:\Users\CEM\.m2\repository\org\jboss\jandex\2.2.3.Final\jandex-2.2.3.Final.jar;C:\Users\CEM\.m2\repository\com\fasterxml\classmate\1.5.1\classmate-1.5.1.jar;C:\Users\CEM\.m2\repository\org\dom4j\dom4j\2.1.3\dom4j-2.1.3.jar;C:\Users\CEM\.m2\repository\org\hibernate\common\hibernate-commons-annotations\5.1.2.Final\hibernate-commons-annotations-5.1.2.Final.jar;C:\Users\CEM\.m2\repository\org\glassfish\jaxb\jaxb-runtime
Launcher Type: SUN_STANDARD

[Global flags]
     intx CICompilerCount                          = 3                                         {product} {ergonomic}
     uint ConcGCThreads                            = 1                                         {product} {ergonomic}
     uint G1ConcRefinementThreads                  = 4                                         {product} {ergonomic}
   size_t G1HeapRegionSize                         = 1048576                                   {product} {ergonomic}
    uintx GCDrainStackTargetSize                   = 64                                        {product} {ergonomic}
   size_t InitialHeapSize                          = 134217728                                 {product} {ergonomic}
   size_t MarkStackSize                            = 4194304                                   {product} {ergonomic}
   size_t MaxHeapSize                              = 2118123520                                {product} {ergonomic}
   size_t MaxNewSize                               = 1270874112                                {product} {ergonomic}
   size_t MinHeapDeltaBytes                        = 1048576                                   {product} {ergonomic}
    uintx NonNMethodCodeHeapSize                   = 5830732                                {pd product} {ergonomic}
    uintx NonProfiledCodeHeapSize                  = 122913754                              {pd product} {ergonomic}
    uintx ProfiledCodeHeapSize                     = 122913754                              {pd product} {ergonomic}
    uintx ReservedCodeCacheSize                    = 251658240                              {pd product} {ergonomic}
     bool SegmentedCodeCache                       = true                                      {product} {ergonomic}
     bool UseCompressedClassPointers               = true                                 {lp64_product} {ergonomic}
     bool UseCompressedOops                        = true                                 {lp64_product} {ergonomic}
     bool UseG1GC                                  = true                                      {product} {ergonomic}
     bool UseLargePagesIndividualAllocation        = false                                  {pd product} {ergonomic}

Logging:
Log output configuration:
 #0: stdout all=warning uptime,level,tags
 #1: stderr all=off uptime,level,tags

Environment Variables:
PATH=C:\Program Files (x86)\Common Files\Oracle\Java\javapath;C:\WINDOWS\system32;C:\WINDOWS;C:\WINDOWS\System32\Wbem;C:\WINDOWS\System32\WindowsPowerShell\v1.0\;C:\WINDOWS\System32\OpenSSH\;C:\Program Files\Java\jdk-11.0.6\bin;C:\Program Files\Git\cmd;C:\Users\CEM\AppData\Local\Programs\Python\Python39-32\Scripts\;C:\Users\CEM\AppData\Local\Programs\Python\Python39-32\;C:\Users\CEM\AppData\Local\Microsoft\WindowsApps;C:\Users\CEM\AppData\Local\Programs\MiKTeX 2.9\miktex\bin\x64\;
USERNAME=CEM
OS=Windows_NT
PROCESSOR_IDENTIFIER=Intel64 Family 6 Model 42 Stepping 7, GenuineIntel



---------------  S Y S T E M  ---------------

OS: Windows 10 , 64 bit Build 19041 (10.0.19041.1023)

CPU:total 4 (initial active 4) (2 cores per cpu, 2 threads per core) family 6 model 42 stepping 7, cmov, cx8, fxsr, mmx, sse, sse2, sse3, ssse3, sse4.1, sse4.2, popcnt, avx, aes, clmul, ht, tsc, tscinvbit

Memory: 4k page, system-wide physical 8075M (965M free)
TotalPageFile size 8075M (AvailPageFile size 5M)
current process WorkingSet (physical memory assigned to process): 307M, peak: 307M
current process commit charge ("private bytes"): 384M, peak: 385M

vm_info: Java HotSpot(TM) 64-Bit Server VM (11.0.6+8-LTS) for windows-amd64 JRE (11.0.6+8-LTS), built on Dec 11 2019 09:17:57 by "mach5one" with MS VC++ 15.5 (VS2017)

END.
